\BOOKMARK [0][-]{chapter*.1}{Contents}{}% 1
\BOOKMARK [-1][-]{part.1}{I Economics}{}% 2
\BOOKMARK [0][-]{chapter.1}{Econometrics}{part.1}% 3
\BOOKMARK [1][-]{section.1.1}{Low and Meghir, 2017, JEP}{chapter.1}% 4
\BOOKMARK [1][-]{section.1.2}{Lewbel, 2016, JEL}{chapter.1}% 5
\BOOKMARK [1][-]{section.1.3}{Gentzkow-Kelley-Taddy, 17 WP}{chapter.1}% 6
\BOOKMARK [1][-]{section.1.4}{Seminar Notes}{chapter.1}% 7
\BOOKMARK [0][-]{chapter.2}{IO}{part.1}% 8
\BOOKMARK [1][-]{section.2.1}{Data and Techniques}{chapter.2}% 9
\BOOKMARK [1][-]{section.2.2}{Rey and Stiglitz, 1995, RAND}{chapter.2}% 10
\BOOKMARK [1][-]{section.2.3}{Production Function Estimation}{chapter.2}% 11
\BOOKMARK [1][-]{section.2.4}{Demand Function Estimation}{chapter.2}% 12
\BOOKMARK [1][-]{section.2.5}{Price Dispersion}{chapter.2}% 13
\BOOKMARK [1][-]{section.2.6}{Multisided Platforms}{chapter.2}% 14
\BOOKMARK [1][-]{section.2.7}{Erdem-Keane, 96 MktSci}{chapter.2}% 15
\BOOKMARK [1][-]{section.2.8}{Gentzkov-Shapiro-Taddy, 17 WP}{chapter.2}% 16
\BOOKMARK [0][-]{chapter.3}{Game Theory}{part.1}% 17
\BOOKMARK [1][-]{section.3.1}{Important Tools}{chapter.3}% 18
\BOOKMARK [1][-]{section.3.2}{Learning Theory}{chapter.3}% 19
\BOOKMARK [1][-]{section.3.3}{Hard Information}{chapter.3}% 20
\BOOKMARK [1][-]{section.3.4}{Green-Porter, 84 EMCA}{chapter.3}% 21
\BOOKMARK [1][-]{section.3.5}{Repeated Game}{chapter.3}% 22
\BOOKMARK [1][-]{section.3.6}{Seminar Notes}{chapter.3}% 23
\BOOKMARK [0][-]{chapter.4}{Decision Theory}{part.1}% 24
\BOOKMARK [1][-]{section.4.1}{Dekel and Lipman, 2010, Annu Rev Econ}{chapter.4}% 25
\BOOKMARK [0][-]{chapter.5}{Matching Theory}{part.1}% 26
\BOOKMARK [1][-]{section.5.1}{Gale and Shapley, 1962, Ame.Math.Mon.}{chapter.5}% 27
\BOOKMARK [0][-]{chapter.6}{Search Theory}{part.1}% 28
\BOOKMARK [1][-]{section.6.1}{Shi, 09 EMCA}{chapter.6}% 29
\BOOKMARK [0][-]{chapter.7}{Macro}{part.1}% 30
\BOOKMARK [1][-]{section.7.1}{Kiyotaki, 2011}{chapter.7}% 31
\BOOKMARK [1][-]{section.7.2}{Costly State Verification}{chapter.7}% 32
\BOOKMARK [1][-]{section.7.3}{Townsend, 79 JET}{chapter.7}% 33
\BOOKMARK [1][-]{section.7.4}{Kiyotaki-Moore, 97 JPE}{chapter.7}% 34
\BOOKMARK [1][-]{section.7.5}{Gorton and Ordonez, 14 AER}{chapter.7}% 35
\BOOKMARK [1][-]{section.7.6}{Williamson, 87 QJE}{chapter.7}% 36
\BOOKMARK [1][-]{section.7.7}{Chari et.al, 14 AER}{chapter.7}% 37
\BOOKMARK [1][-]{section.7.8}{Euro Crisis}{chapter.7}% 38
\BOOKMARK [1][-]{section.7.9}{Seminar Notes}{chapter.7}% 39
\BOOKMARK [0][-]{chapter.8}{Methodology}{part.1}% 40
\BOOKMARK [-1][-]{part.2}{II Mathematics}{}% 41
\BOOKMARK [0][-]{chapter.9}{General \(mathematical\) Skills}{part.2}% 42
\BOOKMARK [1][-]{section.9.1}{Log-Linearization}{chapter.9}% 43
\BOOKMARK [1][-]{section.9.2}{Supermodularity}{chapter.9}% 44
\BOOKMARK [0][-]{chapter.10}{Probability}{part.2}% 45
\BOOKMARK [1][-]{section.10.1}{Bayesian Statistics}{chapter.10}% 46
\BOOKMARK [0][-]{chapter.11}{Numerical Methods}{part.2}% 47
\BOOKMARK [1][-]{section.11.1}{Numerical Maximization}{chapter.11}% 48
\BOOKMARK [-1][-]{part.3}{III Miscellany}{}% 49
\BOOKMARK [0][-]{chapter*.2}{Bibliography}{part.3}% 50
